# JRE version: Java(TM) SE Runtime Environment (8.0_121-b13) (build 1.8.0_121-b13)
# Java VM: Java HotSpot(TM) 64-Bit Server VM (25.121-b13 mixed mode windows-amd64 compressed oops)
Heap:
 PSYoungGen      total 314880K, used 27629K [0x00000000d5e00000, 0x00000000e9a00000, 0x0000000100000000)
  eden space 308736K, 7% used [0x00000000d5e00000,0x00000000d7542920,0x00000000e8b80000)
  from space 6144K, 62% used [0x00000000e8b80000,0x00000000e8f38c40,0x00000000e9180000)
  to   space 6144K, 0% used [0x00000000e9180000,0x00000000e9180000,0x00000000e9780000)
 ParOldGen       total 66560K, used 28736K [0x0000000081a00000, 0x0000000085b00000, 0x00000000d5e00000)
  object space 66560K, 43% used [0x0000000081a00000,0x0000000083610368,0x0000000085b00000)
 Metaspace       used 23979K, capacity 25301K, committed 25600K, reserved 1071104K
  class space    used 3333K, capacity 3574K, committed 3584K, reserved 1048576K
GC Heap History (10 events):
Event: 49.520 GC heap before
{Heap before GC invocations=45 (full 1):
 PSYoungGen      total 314880K, used 311971K [0x00000000d5e00000, 0x00000000e9a00000, 0x0000000100000000)
  eden space 308736K, 99% used [0x00000000d5e00000,0x00000000e8b3f638,0x00000000e8b80000)
  from space 6144K, 56% used [0x00000000e8b80000,0x00000000e8ee96c0,0x00000000e9180000)
  to   space 6144K, 0% used [0x00000000e9180000,0x00000000e9180000,0x00000000e9780000)
 ParOldGen       total 66560K, used 28736K [0x0000000081a00000, 0x0000000085b00000, 0x00000000d5e00000)
  object space 66560K, 43% used [0x0000000081a00000,0x0000000083610368,0x0000000085b00000)
 Metaspace       used 23979K, capacity 25301K, committed 25600K, reserved 1071104K
  class space    used 3333K, capacity 3574K, committed 3584K, reserved 1048576K
Event: 49.522 GC heap after
Heap after GC invocations=45 (full 1):
 PSYoungGen      total 314880K, used 3548K [0x00000000d5e00000, 0x00000000e9a00000, 0x0000000100000000)
  eden space 308736K, 0% used [0x00000000d5e00000,0x00000000d5e00000,0x00000000e8b80000)
  from space 6144K, 57% used [0x00000000e9180000,0x00000000e94f7240,0x00000000e9780000)
  to   space 6144K, 0% used [0x00000000e8b80000,0x00000000e8b80000,0x00000000e9180000)
 ParOldGen       total 66560K, used 28736K [0x0000000081a00000, 0x0000000085b00000, 0x00000000d5e00000)
  object space 66560K, 43% used [0x0000000081a00000,0x0000000083610368,0x0000000085b00000)
 Metaspace       used 23979K, capacity 25301K, committed 25600K, reserved 1071104K
  class space    used 3333K, capacity 3574K, committed 3584K, reserved 1048576K
}
Event: 49.599 GC heap before
{Heap before GC invocations=46 (full 1):
 PSYoungGen      total 314880K, used 311624K [0x00000000d5e00000, 0x00000000e9a00000, 0x0000000100000000)
  eden space 308736K, 99% used [0x00000000d5e00000,0x00000000e8adb0c0,0x00000000e8b80000)
  from space 6144K, 57% used [0x00000000e9180000,0x00000000e94f7240,0x00000000e9780000)
  to   space 6144K, 0% used [0x00000000e8b80000,0x00000000e8b80000,0x00000000e9180000)
 ParOldGen       total 66560K, used 28736K [0x0000000081a00000, 0x0000000085b00000, 0x00000000d5e00000)
  object space 66560K, 43% used [0x0000000081a00000,0x0000000083610368,0x0000000085b00000)
 Metaspace       used 23979K, capacity 25301K, committed 25600K, reserved 1071104K
  class space    used 3333K, capacity 3574K, committed 3584K, reserved 1048576K
Event: 49.601 GC heap after
Heap after GC invocations=46 (full 1):
 PSYoungGen      total 314880K, used 1785K [0x00000000d5e00000, 0x00000000e9a00000, 0x0000000100000000)
  eden space 308736K, 0% used [0x00000000d5e00000,0x00000000d5e00000,0x00000000e8b80000)
  from space 6144K, 29% used [0x00000000e8b80000,0x00000000e8d3e5a0,0x00000000e9180000)
  to   space 6144K, 0% used [0x00000000e9180000,0x00000000e9180000,0x00000000e9780000)
 ParOldGen       total 66560K, used 28736K [0x0000000081a00000, 0x0000000085b00000, 0x00000000d5e00000)
  object space 66560K, 43% used [0x0000000081a00000,0x0000000083610368,0x0000000085b00000)
 Metaspace       used 23979K, capacity 25301K, committed 25600K, reserved 1071104K
  class space    used 3333K, capacity 3574K, committed 3584K, reserved 1048576K
}
Event: 49.677 GC heap before
{Heap before GC invocations=47 (full 1):
 PSYoungGen      total 314880K, used 310278K [0x00000000d5e00000, 0x00000000e9a00000, 0x0000000100000000)
  eden space 308736K, 99% used [0x00000000d5e00000,0x00000000e8b43560,0x00000000e8b80000)
  from space 6144K, 29% used [0x00000000e8b80000,0x00000000e8d3e5a0,0x00000000e9180000)
  to   space 6144K, 0% used [0x00000000e9180000,0x00000000e9180000,0x00000000e9780000)
 ParOldGen       total 66560K, used 28736K [0x0000000081a00000, 0x0000000085b00000, 0x00000000d5e00000)
  object space 66560K, 43% used [0x0000000081a00000,0x0000000083610368,0x0000000085b00000)
 Metaspace       used 23979K, capacity 25301K, committed 25600K, reserved 1071104K
  class space    used 3333K, capacity 3574K, committed 3584K, reserved 1048576K
Event: 49.679 GC heap after
Heap after GC invocations=47 (full 1):
 PSYoungGen      total 314880K, used 3623K [0x00000000d5e00000, 0x00000000e9a00000, 0x0000000100000000)
  eden space 308736K, 0% used [0x00000000d5e00000,0x00000000d5e00000,0x00000000e8b80000)
  from space 6144K, 58% used [0x00000000e9180000,0x00000000e9509e90,0x00000000e9780000)
  to   space 6144K, 0% used [0x00000000e8b80000,0x00000000e8b80000,0x00000000e9180000)
 ParOldGen       total 66560K, used 28736K [0x0000000081a00000, 0x0000000085b00000, 0x00000000d5e00000)
  object space 66560K, 43% used [0x0000000081a00000,0x0000000083610368,0x0000000085b00000)
 Metaspace       used 23979K, capacity 25301K, committed 25600K, reserved 1071104K
  class space    used 3333K, capacity 3574K, committed 3584K, reserved 1048576K
}
Event: 49.770 GC heap before
{Heap before GC invocations=48 (full 1):
 PSYoungGen      total 314880K, used 311962K [0x00000000d5e00000, 0x00000000e9a00000, 0x0000000100000000)
  eden space 308736K, 99% used [0x00000000d5e00000,0x00000000e8b1c980,0x00000000e8b80000)
  from space 6144K, 58% used [0x00000000e9180000,0x00000000e9509e90,0x00000000e9780000)
  to   space 6144K, 0% used [0x00000000e8b80000,0x00000000e8b80000,0x00000000e9180000)
 ParOldGen       total 66560K, used 28736K [0x0000000081a00000, 0x0000000085b00000, 0x00000000d5e00000)
  object space 66560K, 43% used [0x0000000081a00000,0x0000000083610368,0x0000000085b00000)
 Metaspace       used 23979K, capacity 25301K, committed 25600K, reserved 1071104K
  class space    used 3333K, capacity 3574K, committed 3584K, reserved 1048576K
Event: 49.773 GC heap after
Heap after GC invocations=48 (full 1):
 PSYoungGen      total 314880K, used 3708K [0x00000000d5e00000, 0x00000000e9a00000, 0x0000000100000000)
  eden space 308736K, 0% used [0x00000000d5e00000,0x00000000d5e00000,0x00000000e8b80000)
  from space 6144K, 60% used [0x00000000e8b80000,0x00000000e8f1f1e0,0x00000000e9180000)
  to   space 6144K, 0% used [0x00000000e9180000,0x00000000e9180000,0x00000000e9780000)
 ParOldGen       total 66560K, used 28736K [0x0000000081a00000, 0x0000000085b00000, 0x00000000d5e00000)
  object space 66560K, 43% used [0x0000000081a00000,0x0000000083610368,0x0000000085b00000)
 Metaspace       used 23979K, capacity 25301K, committed 25600K, reserved 1071104K
  class space    used 3333K, capacity 3574K, committed 3584K, reserved 1048576K
}
Event: 49.849 GC heap before
{Heap before GC invocations=49 (full 1):
 PSYoungGen      total 314880K, used 311897K [0x00000000d5e00000, 0x00000000e9a00000, 0x0000000100000000)
  eden space 308736K, 99% used [0x00000000d5e00000,0x00000000e8af7328,0x00000000e8b80000)
  from space 6144K, 60% used [0x00000000e8b80000,0x00000000e8f1f1e0,0x00000000e9180000)
  to   space 6144K, 0% used [0x00000000e9180000,0x00000000e9180000,0x00000000e9780000)
 ParOldGen       total 66560K, used 28736K [0x0000000081a00000, 0x0000000085b00000, 0x00000000d5e00000)
  object space 66560K, 43% used [0x0000000081a00000,0x0000000083610368,0x0000000085b00000)
 Metaspace       used 23979K, capacity 25301K, committed 25600K, reserved 1071104K
  class space    used 3333K, capacity 3574K, committed 3584K, reserved 1048576K
Event: 49.851 GC heap after
Heap after GC invocations=49 (full 1):
 PSYoungGen      total 314880K, used 2812K [0x00000000d5e00000, 0x00000000e9a00000, 0x0000000100000000)
  eden space 308736K, 0% used [0x00000000d5e00000,0x00000000d5e00000,0x00000000e8b80000)
  from space 6144K, 45% used [0x00000000e9180000,0x00000000e943f0d8,0x00000000e9780000)
  to   space 6144K, 0% used [0x00000000e8b80000,0x00000000e8b80000,0x00000000e9180000)
 ParOldGen       total 66560K, used 28736K [0x0000000081a00000, 0x0000000085b00000, 0x00000000d5e00000)
  object space 66560K, 43% used [0x0000000081a00000,0x0000000083610368,0x0000000085b00000)
 Metaspace       used 23979K, capacity 25301K, committed 25600K, reserved 1071104K
  class space    used 3333K, capacity 3574K, committed 3584K, reserved 1048576K
}

